  Using 'git status' to determine working set for adaptive non-unity build (C:\CSE381).
  Parsing headers for MyProjectEditor
    Running UnrealHeaderTool "C:\CSE381\hw3\MyProject.uproject" "C:\CSE381\hw3\Intermediate\Build\Win64\MyProjectEditor\Development\MyProjectEditor.uhtmanifest" -LogCmds="loginit warning, logexit warning, logdatabase error" -Unattended -WarningsAsErrors -abslog="C:\Users\huang\AppData\Local\UnrealBuildTool\Log_UHT.txt" -installed
  LogInit: Display: Loading text-based GConfig....
  Reflection code generated for MyProjectEditor in 3.8361894 seconds
  Building MyProjectEditor...
  Using Visual Studio 2019 14.29.30146 toolchain (C:\Program Files (x86)\Microsoft Visual Studio\2019\Community\VC\Tools\MSVC\14.29.30133) and Windows 10.0.19041.0 SDK (C:\Program Files (x86)\Windows Kits\10).
<<<<<<< HEAD
<<<<<<< HEAD
  Building 7 actions with 12 processes...
    [1/7] MyProject.init.gen.cpp
    [2/7] MyProjectWolfie.cpp
    [3/7] MyProjectWolfie.gen.cpp
    [4/7] MyProjectProjectile.cpp
    [5/7] UE4Editor-MyProject-0059.lib
       Creating library C:\CSE381\hw3\Intermediate\Build\Win64\UE4Editor\Development\MyProject\UE4Editor-MyProject-0059.lib and object C:\CSE381\hw3\Intermediate\Build\Win64\UE4Editor\Development\MyProject\UE4Editor-MyProject-0059.exp
    [6/7] UE4Editor-MyProject-0059.dll
       Creating library C:\CSE381\hw3\Intermediate\Build\Win64\UE4Editor\Development\MyProject\UE4Editor-MyProject-0059.suppressed.lib and object C:\CSE381\hw3\Intermediate\Build\Win64\UE4Editor\Development\MyProject\UE4Editor-MyProject-0059.suppressed.exp
    [7/7] MyProjectEditor.target
  Total time in Parallel executor: 7.21 seconds
  Total execution time: 11.90 seconds
=======
=======
>>>>>>> ae281f3d0e20775a6df7ba2d19092c67ab5ba835
  Building 1 action with 16 processes...
    [1/1] MyProjectEditor.target
  Total time in Parallel executor: 0.23 seconds
  Total execution time: 0.92 seconds
<<<<<<< HEAD
>>>>>>> ae281f3d0e20775a6df7ba2d19092c67ab5ba835
=======
>>>>>>> ae281f3d0e20775a6df7ba2d19092c67ab5ba835
